2024-08-19 18:25:45,322 DEBUG: Debug message
2024-08-19 18:25:45,322 INFO: Info message
2024-08-19 18:25:45,322 WARNING: Warning message
2024-08-19 18:25:45,322 ERROR: Error message
2024-08-19 18:25:45,322 CRITICAL: Critical message
2024-08-19 18:25:45,333 INFO: Card mask: 1596 83** **** 5199
2024-08-19 18:25:45,333 INFO: Account mask: **9589
2024-08-19 18:25:45,333 INFO: Card mask: 6831 98** **** 7658
2024-08-19 18:25:46,673 INFO: Card mask: 7158 30** **** 6758
2024-08-19 18:25:46,674 INFO: Account mask: **7890
2024-08-19 18:25:46,675 INFO: Card mask: 7158 30** **** 6758
2024-08-19 18:25:46,676 INFO: Card mask: 7158 30** **** 6759
2024-08-19 18:25:46,677 INFO: Account mask: **7340
2024-08-19 18:25:46,678 INFO: Account mask: **7890
2024-08-19 18:28:01,435 DEBUG: Debug message
2024-08-19 18:28:01,435 INFO: Info message
2024-08-19 18:28:01,435 WARNING: Warning message
2024-08-19 18:28:01,435 ERROR: Error message
2024-08-19 18:28:01,435 CRITICAL: Critical message
2024-08-19 18:28:01,436 INFO: Card mask: 1596 83** **** 5199
2024-08-19 18:28:01,436 INFO: Account mask: **9589
2024-08-19 18:28:01,436 INFO: Card mask: 6831 98** **** 7658
2024-08-19 18:28:01,956 INFO: Card mask: 7158 30** **** 6758
2024-08-19 18:28:01,957 INFO: Account mask: **7890
2024-08-19 18:28:01,958 INFO: Card mask: 7158 30** **** 6758
2024-08-19 18:28:01,959 INFO: Card mask: 7158 30** **** 6759
2024-08-19 18:28:01,960 INFO: Account mask: **7340
2024-08-19 18:28:01,961 INFO: Account mask: **7890
2024-08-20 13:18:17,668 DEBUG: Debug message
2024-08-20 13:18:17,669 INFO: Info message
2024-08-20 13:18:17,669 WARNING: Warning message
2024-08-20 13:18:17,669 ERROR: Error message
2024-08-20 13:18:17,669 CRITICAL: Critical message
2024-08-20 13:18:17,670 INFO: Card mask: 1596 83** **** 5199
2024-08-20 13:18:17,670 INFO: Account mask: **9589
2024-08-20 13:18:17,670 INFO: Card mask: 6831 98** **** 7658
2024-08-20 13:18:18,702 INFO: Card mask: 7158 30** **** 6758
2024-08-20 13:18:18,704 INFO: Account mask: **7890
2024-08-20 13:18:18,705 INFO: Card mask: 7158 30** **** 6758
2024-08-20 13:18:18,706 INFO: Card mask: 7158 30** **** 6759
2024-08-20 13:18:18,707 INFO: Account mask: **7340
2024-08-20 13:18:18,709 INFO: Account mask: **7890
